2025-10-25 14:09:42,788 - INFO - 配置文件已创建: C:\Users\羽落\AppData\Local\Temp\_MEI450802\email_config.ini
2025-11-09 00:27:37,095 - INFO - 配置文件已创建: C:\Users\羽落\AppData\Local\Temp\_MEI412282\email_config.ini
2025-11-09 00:28:04,394 - WARNING - AUTHENTICATE LOGIN 失败，回退普通 LOGIN: AUTHENTICATE Not support mechanism
2025-11-09 00:28:04,501 - INFO - 成功登录到 yamuko@126.com 的邮箱
2025-11-09 00:28:04,582 - INFO - 已发送 IMAP ID via IMAPClient.id_()
2025-11-09 00:28:16,794 - INFO - 已选择文件夹: 地缝
2025-11-09 00:28:16,794 - INFO - 搜索条件: ['BEFORE', '10-Nov-2025']
2025-11-09 00:28:16,921 - INFO - 找到 923 封邮件，开始处理...
2025-11-09 00:29:23,898 - INFO - 成功找到 678 封匹配邮件
2025-11-09 00:29:34,616 - INFO - 总邮件数: 923
2025-11-09 00:29:34,616 - INFO - 匹配当前规则邮件数: 678
2025-11-09 00:29:34,616 - INFO - 未匹配当前规则邮件数: 245
2025-11-09 00:29:34,616 - INFO - 未匹配邮件数量: 245，前20个主题如下：
2025-11-09 00:30:05,215 - INFO - 已选择文件夹: 地缝
2025-11-09 00:30:05,215 - INFO - 搜索条件: ['BEFORE', '10-Nov-2025']
2025-11-09 00:30:05,374 - INFO - 找到 923 封邮件，开始处理...
2025-11-09 00:30:07,092 - INFO - 成功找到 16 封匹配邮件
2025-11-09 00:30:46,826 - INFO - 总邮件数: 923
2025-11-09 00:30:46,827 - INFO - 匹配当前规则邮件数: 16
2025-11-09 00:30:46,827 - INFO - 未匹配当前规则邮件数: 907
2025-11-09 00:30:46,827 - INFO - 未匹配邮件数量: 907，前20个主题如下：
2025-11-09 00:53:40,331 - ERROR - 关闭连接时发生错误: socket error: [WinError 10054] 远程主机强迫关闭了一个现有的连接。
2025-11-09 15:41:48,289 - INFO - 配置文件已创建: C:\Users\羽落\AppData\Local\Temp\_MEI351922\email_config.ini
